<?xml version='1.0' encoding='UTF-8' ?>
<testsuites tests="1" failures="0" errors="0" skipped="0" time="2.202" timestamp="2026-02-17T16:31:05" hostname="localhost">
  <testsuite name="com.zeroclaw.app.ChatHardwareToolsTest" tests="1" failures="0" errors="0" skipped="0" time="1.755" timestamp="2026-02-17T16:31:05" hostname="localhost">
    <properties>
      <property name="device" value="Pixel_9_Pro_XL(AVD) - 16" />
      <property name="flavor" value="play" />
      <property name="project" value=":app" />
    </properties>
    <testcase name="chatCanAskAgentForHardwareTools" classname="com.zeroclaw.app.ChatHardwareToolsTest" time="1.755" />
  </testsuite>
</testsuites>